2018-08-09 11:59:36: {}
2018-08-09 12:18:33: {}
2018-08-09 12:19:36: {}
2018-08-09 12:22:23: Elasticsearch INFO: 2018-08-09T04:22:23Z
  Adding connection to http://localhost:9200/

2018-08-09 12:22:24: server start on port: 8003
2018-08-09 12:22:30: {}
2018-08-09 12:27:36: Elasticsearch INFO: 2018-08-09T04:27:36Z
  Adding connection to http://localhost:9200/

2018-08-09 12:27:36: server start on port: 8003
2018-08-09 13:36:57: {}
2018-08-09 13:40:00: {}
2018-08-09 13:40:01: loop value:0
2018-08-09 13:40:02: loop value:1
2018-08-09 13:40:02: documentId:100001 { _index: 'loan_user',
  _type: 'personal',
  _id: '100001',
  _version: 1,
  result: 'created',
  _shards: { total: 2, successful: 1, failed: 0 },
  _seq_no: 20063,
  _primary_term: 2 }
2018-08-09 13:40:02: loop value:2
2018-08-09 13:40:03: documentId:100002 { _index: 'loan_user',
  _type: 'personal',
  _id: '100002',
  _version: 1,
  result: 'created',
  _shards: { total: 2, successful: 1, failed: 0 },
  _seq_no: 19739,
  _primary_term: 2 }
2018-08-09 13:40:03: loop value:3
2018-08-09 13:40:03: documentId:100003 { _index: 'loan_user',
  _type: 'personal',
  _id: '100003',
  _version: 1,
  result: 'created',
  _shards: { total: 2, successful: 1, failed: 0 },
  _seq_no: 20204,
  _primary_term: 2 }
2018-08-09 13:40:03: loop value:4
2018-08-09 13:40:04: documentId:100004 { _index: 'loan_user',
  _type: 'personal',
  _id: '100004',
  _version: 1,
  result: 'created',
  _shards: { total: 2, successful: 1, failed: 0 },
  _seq_no: 19740,
  _primary_term: 2 }
2018-08-09 13:40:04: loop value:5
2018-08-09 13:40:04: documentId:100005 { _index: 'loan_user',
  _type: 'personal',
  _id: '100005',
  _version: 1,
  result: 'created',
  _shards: { total: 2, successful: 1, failed: 0 },
  _seq_no: 19741,
  _primary_term: 2 }
2018-08-09 13:40:04: loop value:6
2018-08-09 13:40:05: documentId:100006 { _index: 'loan_user',
  _type: 'personal',
  _id: '100006',
  _version: 1,
  result: 'created',
  _shards: { total: 2, successful: 1, failed: 0 },
  _seq_no: 20120,
  _primary_term: 2 }
2018-08-09 13:40:05: loop value:7
2018-08-09 13:40:05: documentId:100007 { _index: 'loan_user',
  _type: 'personal',
  _id: '100007',
  _version: 1,
  result: 'created',
  _shards: { total: 2, successful: 1, failed: 0 },
  _seq_no: 20064,
  _primary_term: 2 }
2018-08-09 13:40:05: loop value:8
2018-08-09 13:40:06: documentId:100008 { _index: 'loan_user',
  _type: 'personal',
  _id: '100008',
  _version: 1,
  result: 'created',
  _shards: { total: 2, successful: 1, failed: 0 },
  _seq_no: 19742,
  _primary_term: 2 }
2018-08-09 13:40:06: loop value:9
2018-08-09 13:40:06: documentId:100009 { _index: 'loan_user',
  _type: 'personal',
  _id: '100009',
  _version: 1,
  result: 'created',
  _shards: { total: 2, successful: 1, failed: 0 },
  _seq_no: 20065,
  _primary_term: 2 }
2018-08-09 13:40:06: documentId:100010 { _index: 'loan_user',
  _type: 'personal',
  _id: '100010',
  _version: 1,
  result: 'created',
  _shards: { total: 2, successful: 1, failed: 0 },
  _seq_no: 19874,
  _primary_term: 2 }
2018-08-09 13:40:33: {}
2018-08-09 13:53:57: {}
2018-08-09 13:53:59: {}
2018-08-09 13:53:59: {}
2018-08-09 13:54:00: {}
2018-08-09 13:54:00: {}
2018-08-09 13:54:00: {}
2018-08-09 13:54:03: {}
2018-08-09 14:02:00: {}
2018-08-09 14:02:01: {}
2018-08-09 14:02:01: {}
2018-08-09 14:02:02: {}
2018-08-09 14:02:02: {}
2018-08-09 14:02:02: {}
2018-08-09 14:02:03: {}
2018-08-09 14:02:03: {}
2018-08-09 14:02:03: {}
2018-08-09 14:02:03: {}
2018-08-09 14:02:03: {}
2018-08-09 14:02:03: {}
2018-08-09 14:02:03: {}
2018-08-09 14:02:03: {}
2018-08-09 14:02:04: {}
2018-08-09 14:02:04: {}
2018-08-09 14:02:09: {}
2018-08-09 14:02:09: {}
2018-08-09 14:02:09: {}
